<?xml version="1.0" encoding="UTF-8"?>
<!-- Generated by org.testng.reporters.JUnitReportReporter -->
<testsuite hostname="DESKTOP-SELHIJF" failures="0" tests="1" name="SmartBuyTestDiscountClass" time="3.362" errors="0" timestamp="2022-11-26T08:53:14 GMT+02:00" skipped="0">
  <testcase classname="SmartBuyTestDiscountClass" name="test_items_discount" time="3.362"/>
  <system-out/>
</testsuite> <!-- SmartBuyTestDiscountClass -->
